2016-09-24 16:35:46.027 [11147] [main] INFO  jdbc.connection - 2. Connection opened
2016-09-24 16:35:46.060 [11180] [main] INFO  jdbc.connection - 3. Connection opened
2016-09-24 16:35:46.070 [11190] [main] INFO  jdbc.connection - 4. Connection opened
2016-09-24 16:35:46.076 [11196] [main] INFO  jdbc.connection - 5. Connection opened
2016-09-24 16:35:46.083 [11203] [main] INFO  jdbc.connection - 6. Connection opened
2016-09-24 16:35:46.089 [11209] [main] INFO  jdbc.connection - 7. Connection opened
2016-09-24 16:35:46.095 [11215] [main] INFO  jdbc.connection - 8. Connection opened
2016-09-24 16:35:46.107 [11227] [main] INFO  jdbc.connection - 9. Connection opened
2016-09-24 16:35:46.120 [11240] [main] INFO  jdbc.connection - 10. Connection opened
2016-09-24 16:35:46.157 [11277] [main] INFO  org.hibernate.dialect.Dialect - HHH000400: Using dialect: org.hibernate.dialect.MySQL5Dialect
2016-09-24 16:35:47.679 [12799] [main] INFO  o.h.tool.hbm2ddl.SchemaUpdate - HHH000228: Running hbm2ddl schema update
2016-09-24 16:35:47.985 [13105] [main] INFO  o.s.o.j.LocalContainerEntityManagerFactoryBean - Initialized JPA EntityManagerFactory for persistence unit 'default'
2016-09-24 16:35:48.192 [13312] [main] INFO  spring.profile.DevProfile - ***********************************
2016-09-24 16:35:48.192 [13312] [main] INFO  spring.profile.DevProfile - dev config init !
2016-09-24 16:35:48.192 [13312] [main] INFO  spring.profile.DevProfile - ***********************************
2016-09-24 16:35:50.331 [15451] [main] INFO  o.h.h.i.QueryTranslatorFactoryInitiator - HHH000397: Using ASTQueryTranslatorFactory
2016-09-24 16:35:50.904 [16024] [main] INFO  o.s.w.s.m.m.a.RequestMappingHandlerAdapter - Looking for @ControllerAdvice: org.springframework.web.context.support.GenericWebApplicationContext@3b74ac8: startup date [Sat Sep 24 16:35:38 CST 2016]; root of context hierarchy
2016-09-24 16:35:51.239 [16359] [main] INFO  o.s.w.s.m.m.a.RequestMappingHandlerMapping - Mapped "{[/exp]}" onto public java.lang.String spring.test.TestController.testException() throws java.lang.Exception
2016-09-24 16:35:51.250 [16370] [main] INFO  o.s.w.s.m.m.a.RequestMappingHandlerMapping - Mapped "{[/print]}" onto public java.lang.String spring.test.TestController.printBeans(org.springframework.ui.ModelMap)
2016-09-24 16:35:51.252 [16372] [main] INFO  o.s.w.s.m.m.a.RequestMappingHandlerMapping - Mapped "{[/]}" onto public java.lang.String spring.test.TestController.say()
2016-09-24 16:35:51.254 [16374] [main] INFO  o.s.w.s.m.m.a.RequestMappingHandlerMapping - Mapped "{[/my/exp]}" onto public java.lang.String spring.test.TestController.testMyException() throws spring.contoller.advice.MyException
2016-09-24 16:35:51.268 [16388] [main] INFO  o.s.w.s.m.m.a.RequestMappingHandlerMapping - Mapped "{[/error]}" onto public org.springframework.http.ResponseEntity<java.util.Map<java.lang.String, java.lang.Object>> org.springframework.boot.autoconfigure.web.BasicErrorController.error(javax.servlet.http.HttpServletRequest)
2016-09-24 16:35:51.269 [16389] [main] INFO  o.s.w.s.m.m.a.RequestMappingHandlerMapping - Mapped "{[/error],produces=[text/html]}" onto public org.springframework.web.servlet.ModelAndView org.springframework.boot.autoconfigure.web.BasicErrorController.errorHtml(javax.servlet.http.HttpServletRequest,javax.servlet.http.HttpServletResponse)
2016-09-24 16:35:51.396 [16516] [main] INFO  o.s.w.s.h.SimpleUrlHandlerMapping - Mapped URL path [/webjars/**] onto handler of type [class org.springframework.web.servlet.resource.ResourceHttpRequestHandler]
2016-09-24 16:35:51.397 [16517] [main] INFO  o.s.w.s.h.SimpleUrlHandlerMapping - Mapped URL path [/**] onto handler of type [class org.springframework.web.servlet.resource.ResourceHttpRequestHandler]
2016-09-24 16:35:51.525 [16645] [main] INFO  o.s.w.s.m.m.a.ExceptionHandlerExceptionResolver - Detected @ExceptionHandler methods in myExceptionHandler
2016-09-24 16:35:51.624 [16744] [main] INFO  o.s.w.s.h.SimpleUrlHandlerMapping - Mapped URL path [/**/favicon.ico] onto handler of type [class org.springframework.web.servlet.resource.ResourceHttpRequestHandler]
2016-09-24 16:35:52.819 [17939] [main] INFO  o.s.w.s.v.f.FreeMarkerConfigurer - ClassTemplateLoader for Spring macros added to FreeMarker configuration
2016-09-24 16:35:53.044 [18164] [main] WARN  o.s.b.s.r.RedisStarterDeprecationWarningAutoConfiguration - spring-boot-starter-redis is deprecated as of Spring Boot 1.4, please migrate to spring-boot-starter-data-redis
2016-09-24 16:35:53.240 [18360] [main] INFO  spring.runner.ApplicationRunnerImpl - ***********************************
2016-09-24 16:35:53.243 [18363] [main] INFO  spring.runner.ApplicationRunnerImpl - application runner init !
2016-09-24 16:35:53.243 [18363] [main] INFO  spring.runner.ApplicationRunnerImpl - ***********************************
2016-09-24 16:35:53.244 [18364] [main] INFO  spring.runner.CommandLineRunnerImpl - ***********************************
2016-09-24 16:35:53.244 [18364] [main] INFO  spring.runner.CommandLineRunnerImpl - command line runner init !
2016-09-24 16:35:53.245 [18365] [main] INFO  spring.runner.CommandLineRunnerImpl - ***********************************
2016-09-24 16:35:53.391 [18511] [main] INFO  spring.runner.CommandLineRunnerImpl - ["java","C#","C++"]
2016-09-24 16:35:53.393 [18513] [main] INFO  spring.runner.CommandLineRunnerImpl - {"key1":"value1","key2":"value2"}
2016-09-24 16:35:53.402 [18522] [main] INFO  spring.redis.RedisBeanTest - Started RedisBeanTest in 17.577 seconds (JVM running for 19.264)
2016-09-24 16:35:53.850 [18970] [Thread-5] INFO  o.s.w.c.s.GenericWebApplicationContext - Closing org.springframework.web.context.support.GenericWebApplicationContext@3b74ac8: startup date [Sat Sep 24 16:35:38 CST 2016]; root of context hierarchy
2016-09-24 16:35:53.870 [18990] [Thread-5] INFO  o.s.o.j.LocalContainerEntityManagerFactoryBean - Closing JPA EntityManagerFactory for persistence unit 'default'
2016-09-24 16:35:53.877 [18997] [Thread-5] INFO  jdbc.connection - 9. Connection closed
2016-09-24 16:35:53.880 [19000] [Thread-5] INFO  jdbc.connection - 10. Connection closed
2016-09-24 16:35:53.883 [19003] [Thread-5] INFO  jdbc.connection - 8. Connection closed
2016-09-24 16:35:53.889 [19009] [Thread-5] INFO  jdbc.connection - 7. Connection closed
2016-09-24 16:35:53.891 [19011] [Thread-5] INFO  jdbc.connection - 6. Connection closed
2016-09-24 16:35:53.893 [19013] [Thread-5] INFO  jdbc.connection - 5. Connection closed
2016-09-24 16:35:53.894 [19014] [Thread-5] INFO  jdbc.connection - 4. Connection closed
2016-09-24 16:35:53.900 [19020] [Thread-5] INFO  jdbc.connection - 3. Connection closed
2016-09-24 16:35:53.902 [19022] [Thread-5] INFO  jdbc.connection - 2. Connection closed
2016-09-24 16:35:53.903 [19023] [Thread-5] INFO  jdbc.connection - 1. Connection closed
2016-09-24 16:36:27.602 [2566] [main] INFO  spring.redis.RedisBeanTest - Starting RedisBeanTest on DESKTOP-B8VRV8U with PID 2024 (started by frinder6 in D:\DEV\git\spring.demo\spring.boot2)
2016-09-24 16:36:27.609 [2573] [main] INFO  spring.redis.RedisBeanTest - The following profiles are active: dev
2016-09-24 16:36:27.729 [2693] [main] INFO  o.s.w.c.s.GenericWebApplicationContext - Refreshing org.springframework.web.context.support.GenericWebApplicationContext@3b74ac8: startup date [Sat Sep 24 16:36:27 CST 2016]; root of context hierarchy
2016-09-24 16:36:27.782 [2746] [background-preinit] INFO  o.h.validator.internal.util.Version - HV000001: Hibernate Validator 5.2.4.Final
2016-09-24 16:36:30.382 [5346] [main] INFO  o.s.d.r.c.RepositoryConfigurationDelegate - Multiple Spring Data modules found, entering strict repository configuration mode!
2016-09-24 16:36:30.619 [5583] [main] INFO  o.s.d.r.c.RepositoryConfigurationDelegate - Multiple Spring Data modules found, entering strict repository configuration mode!
2016-09-24 16:36:30.672 [5636] [main] INFO  o.s.d.r.c.RepositoryConfigurationExtensionSupport - Spring Data Redis - Could not safely identify store assignment for repository candidate interface spring.jpa.UserRepository.
2016-09-24 16:36:31.595 [6559] [main] INFO  o.s.c.s.PostProcessorRegistrationDelegate$BeanPostProcessorChecker - Bean 'org.springframework.transaction.annotation.ProxyTransactionManagementConfiguration' of type [class org.springframework.transaction.annotation.ProxyTransactionManagementConfiguration$$EnhancerBySpringCGLIB$$c5759fbf] is not eligible for getting processed by all BeanPostProcessors (for example: not eligible for auto-proxying)
2016-09-24 16:36:32.996 [7960] [main] INFO  o.s.o.j.LocalContainerEntityManagerFactoryBean - Building JPA container EntityManagerFactory for persistence unit 'default'
2016-09-24 16:36:33.032 [7996] [main] INFO  o.h.jpa.internal.util.LogHelper - HHH000204: Processing PersistenceUnitInfo [
	name: default
	...]
2016-09-24 16:36:33.241 [8205] [main] INFO  org.hibernate.Version - HHH000412: Hibernate Core {5.0.9.Final}
2016-09-24 16:36:33.245 [8209] [main] INFO  org.hibernate.cfg.Environment - HHH000206: hibernate.properties not found
2016-09-24 16:36:33.248 [8212] [main] INFO  org.hibernate.cfg.Environment - HHH000021: Bytecode provider name : javassist
2016-09-24 16:36:33.370 [8334] [main] INFO  o.h.annotations.common.Version - HCANN000001: Hibernate Commons Annotations {5.0.1.Final}
2016-09-24 16:36:34.053 [9017] [main] INFO  jdbc.connection - 1. Connection opened
2016-09-24 16:36:34.063 [9027] [main] INFO  jdbc.connection - 2. Connection opened
2016-09-24 16:36:34.070 [9034] [main] INFO  jdbc.connection - 3. Connection opened
2016-09-24 16:36:34.078 [9042] [main] INFO  jdbc.connection - 4. Connection opened
2016-09-24 16:36:34.085 [9049] [main] INFO  jdbc.connection - 5. Connection opened
2016-09-24 16:36:34.104 [9068] [main] INFO  jdbc.connection - 6. Connection opened
2016-09-24 16:36:34.121 [9085] [main] INFO  jdbc.connection - 7. Connection opened
2016-09-24 16:36:34.128 [9092] [main] INFO  jdbc.connection - 8. Connection opened
2016-09-24 16:36:34.134 [9098] [main] INFO  jdbc.connection - 9. Connection opened
2016-09-24 16:36:34.139 [9103] [main] INFO  jdbc.connection - 10. Connection opened
2016-09-24 16:36:34.180 [9144] [main] INFO  org.hibernate.dialect.Dialect - HHH000400: Using dialect: org.hibernate.dialect.MySQL5Dialect
2016-09-24 16:36:35.608 [10572] [main] INFO  o.h.tool.hbm2ddl.SchemaUpdate - HHH000228: Running hbm2ddl schema update
2016-09-24 16:36:35.894 [10858] [main] INFO  o.s.o.j.LocalContainerEntityManagerFactoryBean - Initialized JPA EntityManagerFactory for persistence unit 'default'
2016-09-24 16:36:36.089 [11053] [main] INFO  spring.profile.DevProfile - ***********************************
2016-09-24 16:36:36.090 [11054] [main] INFO  spring.profile.DevProfile - dev config init !
2016-09-24 16:36:36.090 [11054] [main] INFO  spring.profile.DevProfile - ***********************************
2016-09-24 16:36:37.985 [12949] [main] INFO  o.h.h.i.QueryTranslatorFactoryInitiator - HHH000397: Using ASTQueryTranslatorFactory
2016-09-24 16:36:38.329 [13293] [main] INFO  o.s.w.s.m.m.a.RequestMappingHandlerAdapter - Looking for @ControllerAdvice: org.springframework.web.context.support.GenericWebApplicationContext@3b74ac8: startup date [Sat Sep 24 16:36:27 CST 2016]; root of context hierarchy
2016-09-24 16:36:38.521 [13485] [main] INFO  o.s.w.s.m.m.a.RequestMappingHandlerMapping - Mapped "{[/exp]}" onto public java.lang.String spring.test.TestController.testException() throws java.lang.Exception
2016-09-24 16:36:38.524 [13488] [main] INFO  o.s.w.s.m.m.a.RequestMappingHandlerMapping - Mapped "{[/print]}" onto public java.lang.String spring.test.TestController.printBeans(org.springframework.ui.ModelMap)
2016-09-24 16:36:38.524 [13488] [main] INFO  o.s.w.s.m.m.a.RequestMappingHandlerMapping - Mapped "{[/]}" onto public java.lang.String spring.test.TestController.say()
2016-09-24 16:36:38.528 [13492] [main] INFO  o.s.w.s.m.m.a.RequestMappingHandlerMapping - Mapped "{[/my/exp]}" onto public java.lang.String spring.test.TestController.testMyException() throws spring.contoller.advice.MyException
2016-09-24 16:36:38.537 [13501] [main] INFO  o.s.w.s.m.m.a.RequestMappingHandlerMapping - Mapped "{[/error]}" onto public org.springframework.http.ResponseEntity<java.util.Map<java.lang.String, java.lang.Object>> org.springframework.boot.autoconfigure.web.BasicErrorController.error(javax.servlet.http.HttpServletRequest)
2016-09-24 16:36:38.538 [13502] [main] INFO  o.s.w.s.m.m.a.RequestMappingHandlerMapping - Mapped "{[/error],produces=[text/html]}" onto public org.springframework.web.servlet.ModelAndView org.springframework.boot.autoconfigure.web.BasicErrorController.errorHtml(javax.servlet.http.HttpServletRequest,javax.servlet.http.HttpServletResponse)
2016-09-24 16:36:38.622 [13586] [main] INFO  o.s.w.s.h.SimpleUrlHandlerMapping - Mapped URL path [/webjars/**] onto handler of type [class org.springframework.web.servlet.resource.ResourceHttpRequestHandler]
2016-09-24 16:36:38.623 [13587] [main] INFO  o.s.w.s.h.SimpleUrlHandlerMapping - Mapped URL path [/**] onto handler of type [class org.springframework.web.servlet.resource.ResourceHttpRequestHandler]
2016-09-24 16:36:38.685 [13649] [main] INFO  o.s.w.s.m.m.a.ExceptionHandlerExceptionResolver - Detected @ExceptionHandler methods in myExceptionHandler
2016-09-24 16:36:38.747 [13711] [main] INFO  o.s.w.s.h.SimpleUrlHandlerMapping - Mapped URL path [/**/favicon.ico] onto handler of type [class org.springframework.web.servlet.resource.ResourceHttpRequestHandler]
2016-09-24 16:36:39.947 [14911] [main] INFO  o.s.w.s.v.f.FreeMarkerConfigurer - ClassTemplateLoader for Spring macros added to FreeMarker configuration
2016-09-24 16:36:40.174 [15138] [main] WARN  o.s.b.s.r.RedisStarterDeprecationWarningAutoConfiguration - spring-boot-starter-redis is deprecated as of Spring Boot 1.4, please migrate to spring-boot-starter-data-redis
2016-09-24 16:36:40.370 [15334] [main] INFO  spring.runner.ApplicationRunnerImpl - ***********************************
2016-09-24 16:36:40.370 [15334] [main] INFO  spring.runner.ApplicationRunnerImpl - application runner init !
2016-09-24 16:36:40.370 [15334] [main] INFO  spring.runner.ApplicationRunnerImpl - ***********************************
2016-09-24 16:36:40.370 [15334] [main] INFO  spring.runner.CommandLineRunnerImpl - ***********************************
2016-09-24 16:36:40.371 [15335] [main] INFO  spring.runner.CommandLineRunnerImpl - command line runner init !
2016-09-24 16:36:40.371 [15335] [main] INFO  spring.runner.CommandLineRunnerImpl - ***********************************
2016-09-24 16:36:40.468 [15432] [main] INFO  spring.runner.CommandLineRunnerImpl - ["java","C#","C++"]
2016-09-24 16:36:40.470 [15434] [main] INFO  spring.runner.CommandLineRunnerImpl - {"key1":"value1","key2":"value2"}
2016-09-24 16:36:40.473 [15437] [main] INFO  spring.redis.RedisBeanTest - Started RedisBeanTest in 14.102 seconds (JVM running for 16.067)
2016-09-24 16:36:40.822 [15786] [Thread-5] INFO  o.s.w.c.s.GenericWebApplicationContext - Closing org.springframework.web.context.support.GenericWebApplicationContext@3b74ac8: startup date [Sat Sep 24 16:36:27 CST 2016]; root of context hierarchy
2016-09-24 16:36:40.842 [15806] [Thread-5] INFO  o.s.o.j.LocalContainerEntityManagerFactoryBean - Closing JPA EntityManagerFactory for persistence unit 'default'
2016-09-24 16:36:40.849 [15813] [Thread-5] INFO  jdbc.connection - 9. Connection closed
2016-09-24 16:36:40.851 [15815] [Thread-5] INFO  jdbc.connection - 10. Connection closed
2016-09-24 16:36:40.854 [15818] [Thread-5] INFO  jdbc.connection - 8. Connection closed
2016-09-24 16:36:40.857 [15821] [Thread-5] INFO  jdbc.connection - 7. Connection closed
2016-09-24 16:36:40.857 [15821] [Thread-5] INFO  jdbc.connection - 6. Connection closed
2016-09-24 16:36:40.858 [15822] [Thread-5] INFO  jdbc.connection - 5. Connection closed
2016-09-24 16:36:40.859 [15823] [Thread-5] INFO  jdbc.connection - 4. Connection closed
2016-09-24 16:36:40.860 [15824] [Thread-5] INFO  jdbc.connection - 3. Connection closed
2016-09-24 16:36:40.861 [15825] [Thread-5] INFO  jdbc.connection - 2. Connection closed
2016-09-24 16:36:40.862 [15826] [Thread-5] INFO  jdbc.connection - 1. Connection closed
2016-09-24 16:50:31.647 [3220] [main] INFO  spring.async.AsyncTaskTest - Starting AsyncTaskTest on DESKTOP-B8VRV8U with PID 10356 (started by frinder6 in D:\DEV\git\spring.demo\spring.boot2)
2016-09-24 16:50:31.649 [3222] [main] INFO  spring.async.AsyncTaskTest - The following profiles are active: dev
2016-09-24 16:50:31.748 [3321] [main] INFO  o.s.w.c.s.GenericWebApplicationContext - Refreshing org.springframework.web.context.support.GenericWebApplicationContext@b83a9be: startup date [Sat Sep 24 16:50:31 CST 2016]; root of context hierarchy
2016-09-24 16:50:31.752 [3325] [background-preinit] INFO  o.h.validator.internal.util.Version - HV000001: Hibernate Validator 5.2.4.Final
2016-09-24 16:50:34.611 [6184] [main] INFO  o.s.d.r.c.RepositoryConfigurationDelegate - Multiple Spring Data modules found, entering strict repository configuration mode!
2016-09-24 16:50:34.898 [6471] [main] INFO  o.s.d.r.c.RepositoryConfigurationDelegate - Multiple Spring Data modules found, entering strict repository configuration mode!
2016-09-24 16:50:34.947 [6520] [main] INFO  o.s.d.r.c.RepositoryConfigurationExtensionSupport - Spring Data Redis - Could not safely identify store assignment for repository candidate interface spring.jpa.UserRepository.
2016-09-24 16:50:35.921 [7494] [main] INFO  o.s.c.s.PostProcessorRegistrationDelegate$BeanPostProcessorChecker - Bean 'org.springframework.transaction.annotation.ProxyTransactionManagementConfiguration' of type [class org.springframework.transaction.annotation.ProxyTransactionManagementConfiguration$$EnhancerBySpringCGLIB$$b5d3e384] is not eligible for getting processed by all BeanPostProcessors (for example: not eligible for auto-proxying)
2016-09-24 16:50:36.924 [8497] [main] INFO  o.s.o.j.LocalContainerEntityManagerFactoryBean - Building JPA container EntityManagerFactory for persistence unit 'default'
2016-09-24 16:50:36.980 [8553] [main] INFO  o.h.jpa.internal.util.LogHelper - HHH000204: Processing PersistenceUnitInfo [
	name: default
	...]
2016-09-24 16:50:37.234 [8807] [main] INFO  org.hibernate.Version - HHH000412: Hibernate Core {5.0.9.Final}
2016-09-24 16:50:37.243 [8816] [main] INFO  org.hibernate.cfg.Environment - HHH000206: hibernate.properties not found
2016-09-24 16:50:37.247 [8820] [main] INFO  org.hibernate.cfg.Environment - HHH000021: Bytecode provider name : javassist
2016-09-24 16:50:37.376 [8949] [main] INFO  o.h.annotations.common.Version - HCANN000001: Hibernate Commons Annotations {5.0.1.Final}
2016-09-24 16:50:38.309 [9882] [main] INFO  jdbc.connection - 1. Connection opened
2016-09-24 16:50:38.318 [9891] [main] INFO  jdbc.connection - 2. Connection opened
2016-09-24 16:50:38.329 [9902] [main] INFO  jdbc.connection - 3. Connection opened
2016-09-24 16:50:38.339 [9912] [main] INFO  jdbc.connection - 4. Connection opened
2016-09-24 16:50:38.346 [9919] [main] INFO  jdbc.connection - 5. Connection opened
2016-09-24 16:50:38.354 [9927] [main] INFO  jdbc.connection - 6. Connection opened
2016-09-24 16:50:38.361 [9934] [main] INFO  jdbc.connection - 7. Connection opened
2016-09-24 16:50:38.369 [9942] [main] INFO  jdbc.connection - 8. Connection opened
2016-09-24 16:50:38.376 [9949] [main] INFO  jdbc.connection - 9. Connection opened
2016-09-24 16:50:38.383 [9956] [main] INFO  jdbc.connection - 10. Connection opened
2016-09-24 16:50:38.421 [9994] [main] INFO  org.hibernate.dialect.Dialect - HHH000400: Using dialect: org.hibernate.dialect.MySQL5Dialect
2016-09-24 16:50:39.722 [11295] [main] INFO  o.h.tool.hbm2ddl.SchemaUpdate - HHH000228: Running hbm2ddl schema update
2016-09-24 16:50:40.093 [11666] [main] INFO  o.s.o.j.LocalContainerEntityManagerFactoryBean - Initialized JPA EntityManagerFactory for persistence unit 'default'
2016-09-24 16:50:40.242 [11815] [main] INFO  spring.profile.DevProfile - ***********************************
2016-09-24 16:50:40.244 [11817] [main] INFO  spring.profile.DevProfile - dev config init !
2016-09-24 16:50:40.247 [11820] [main] INFO  spring.profile.DevProfile - ***********************************
2016-09-24 16:50:42.075 [13648] [main] INFO  o.h.h.i.QueryTranslatorFactoryInitiator - HHH000397: Using ASTQueryTranslatorFactory
2016-09-24 16:50:42.456 [14029] [main] INFO  o.s.w.s.m.m.a.RequestMappingHandlerAdapter - Looking for @ControllerAdvice: org.springframework.web.context.support.GenericWebApplicationContext@b83a9be: startup date [Sat Sep 24 16:50:31 CST 2016]; root of context hierarchy
2016-09-24 16:50:42.637 [14210] [main] INFO  o.s.w.s.m.m.a.RequestMappingHandlerMapping - Mapped "{[/exp]}" onto public java.lang.String spring.test.TestController.testException() throws java.lang.Exception
2016-09-24 16:50:42.638 [14211] [main] INFO  o.s.w.s.m.m.a.RequestMappingHandlerMapping - Mapped "{[/]}" onto public java.lang.String spring.test.TestController.say()
2016-09-24 16:50:42.639 [14212] [main] INFO  o.s.w.s.m.m.a.RequestMappingHandlerMapping - Mapped "{[/print]}" onto public java.lang.String spring.test.TestController.printBeans(org.springframework.ui.ModelMap)
2016-09-24 16:50:42.640 [14213] [main] INFO  o.s.w.s.m.m.a.RequestMappingHandlerMapping - Mapped "{[/my/exp]}" onto public java.lang.String spring.test.TestController.testMyException() throws spring.contoller.advice.MyException
2016-09-24 16:50:42.645 [14218] [main] INFO  o.s.w.s.m.m.a.RequestMappingHandlerMapping - Mapped "{[/error]}" onto public org.springframework.http.ResponseEntity<java.util.Map<java.lang.String, java.lang.Object>> org.springframework.boot.autoconfigure.web.BasicErrorController.error(javax.servlet.http.HttpServletRequest)
2016-09-24 16:50:42.645 [14218] [main] INFO  o.s.w.s.m.m.a.RequestMappingHandlerMapping - Mapped "{[/error],produces=[text/html]}" onto public org.springframework.web.servlet.ModelAndView org.springframework.boot.autoconfigure.web.BasicErrorController.errorHtml(javax.servlet.http.HttpServletRequest,javax.servlet.http.HttpServletResponse)
2016-09-24 16:50:42.754 [14327] [main] INFO  o.s.w.s.h.SimpleUrlHandlerMapping - Mapped URL path [/webjars/**] onto handler of type [class org.springframework.web.servlet.resource.ResourceHttpRequestHandler]
2016-09-24 16:50:42.754 [14327] [main] INFO  o.s.w.s.h.SimpleUrlHandlerMapping - Mapped URL path [/**] onto handler of type [class org.springframework.web.servlet.resource.ResourceHttpRequestHandler]
2016-09-24 16:50:42.809 [14382] [main] INFO  o.s.w.s.m.m.a.ExceptionHandlerExceptionResolver - Detected @ExceptionHandler methods in myExceptionHandler
2016-09-24 16:50:42.872 [14445] [main] INFO  o.s.w.s.h.SimpleUrlHandlerMapping - Mapped URL path [/**/favicon.ico] onto handler of type [class org.springframework.web.servlet.resource.ResourceHttpRequestHandler]
2016-09-24 16:50:44.244 [15817] [main] INFO  o.s.w.s.v.f.FreeMarkerConfigurer - ClassTemplateLoader for Spring macros added to FreeMarker configuration
2016-09-24 16:50:44.517 [16090] [main] WARN  o.s.b.s.r.RedisStarterDeprecationWarningAutoConfiguration - spring-boot-starter-redis is deprecated as of Spring Boot 1.4, please migrate to spring-boot-starter-data-redis
2016-09-24 16:50:44.708 [16281] [main] INFO  spring.runner.ApplicationRunnerImpl - ***********************************
2016-09-24 16:50:44.709 [16282] [main] INFO  spring.runner.ApplicationRunnerImpl - application runner init !
2016-09-24 16:50:44.710 [16283] [main] INFO  spring.runner.ApplicationRunnerImpl - ***********************************
2016-09-24 16:50:44.750 [16323] [main] INFO  spring.runner.CommandLineRunnerImpl - ***********************************
2016-09-24 16:50:44.750 [16323] [main] INFO  spring.runner.CommandLineRunnerImpl - command line runner init !
2016-09-24 16:50:44.750 [16323] [main] INFO  spring.runner.CommandLineRunnerImpl - ***********************************
2016-09-24 16:50:44.833 [16406] [main] INFO  spring.runner.CommandLineRunnerImpl - ["java","C#","C++"]
2016-09-24 16:50:44.838 [16411] [main] INFO  spring.runner.CommandLineRunnerImpl - {"key1":"value1","key2":"value2"}
2016-09-24 16:50:44.843 [16416] [main] INFO  spring.async.AsyncTaskTest - Started AsyncTaskTest in 15.567 seconds (JVM running for 17.281)
2016-09-24 16:51:04.173 [35746] [Thread-5] INFO  o.s.w.c.s.GenericWebApplicationContext - Closing org.springframework.web.context.support.GenericWebApplicationContext@b83a9be: startup date [Sat Sep 24 16:50:31 CST 2016]; root of context hierarchy
2016-09-24 16:51:04.184 [35757] [Thread-5] INFO  o.s.o.j.LocalContainerEntityManagerFactoryBean - Closing JPA EntityManagerFactory for persistence unit 'default'
2016-09-24 16:51:04.196 [35769] [Thread-5] INFO  jdbc.connection - 9. Connection closed
2016-09-24 16:51:04.197 [35770] [Thread-5] INFO  jdbc.connection - 10. Connection closed
2016-09-24 16:51:04.198 [35771] [Thread-5] INFO  jdbc.connection - 8. Connection closed
2016-09-24 16:51:04.200 [35773] [Thread-5] INFO  jdbc.connection - 7. Connection closed
2016-09-24 16:51:04.200 [35773] [Thread-5] INFO  jdbc.connection - 6. Connection closed
2016-09-24 16:51:04.201 [35774] [Thread-5] INFO  jdbc.connection - 5. Connection closed
2016-09-24 16:51:04.202 [35775] [Thread-5] INFO  jdbc.connection - 4. Connection closed
2016-09-24 16:51:04.205 [35778] [Thread-5] INFO  jdbc.connection - 3. Connection closed
2016-09-24 16:51:04.207 [35780] [Thread-5] INFO  jdbc.connection - 2. Connection closed
2016-09-24 16:51:04.208 [35781] [Thread-5] INFO  jdbc.connection - 1. Connection closed
2016-09-24 16:55:01.317 [3216] [main] INFO  spring.async.AsyncTaskTest - Starting AsyncTaskTest on DESKTOP-B8VRV8U with PID 8184 (started by frinder6 in D:\DEV\git\spring.demo\spring.boot2)
2016-09-24 16:55:01.323 [3222] [main] INFO  spring.async.AsyncTaskTest - The following profiles are active: dev
2016-09-24 16:55:01.434 [3333] [main] INFO  o.s.w.c.s.GenericWebApplicationContext - Refreshing org.springframework.web.context.support.GenericWebApplicationContext@b83a9be: startup date [Sat Sep 24 16:55:01 CST 2016]; root of context hierarchy
2016-09-24 16:55:01.492 [3391] [background-preinit] INFO  o.h.validator.internal.util.Version - HV000001: Hibernate Validator 5.2.4.Final
2016-09-24 16:55:04.704 [6603] [main] INFO  o.s.d.r.c.RepositoryConfigurationDelegate - Multiple Spring Data modules found, entering strict repository configuration mode!
2016-09-24 16:55:04.921 [6820] [main] INFO  o.s.d.r.c.RepositoryConfigurationDelegate - Multiple Spring Data modules found, entering strict repository configuration mode!
2016-09-24 16:55:04.969 [6868] [main] INFO  o.s.d.r.c.RepositoryConfigurationExtensionSupport - Spring Data Redis - Could not safely identify store assignment for repository candidate interface spring.jpa.UserRepository.
2016-09-24 16:55:05.941 [7840] [main] INFO  o.s.c.s.PostProcessorRegistrationDelegate$BeanPostProcessorChecker - Bean 'org.springframework.transaction.annotation.ProxyTransactionManagementConfiguration' of type [class org.springframework.transaction.annotation.ProxyTransactionManagementConfiguration$$EnhancerBySpringCGLIB$$b5d3e384] is not eligible for getting processed by all BeanPostProcessors (for example: not eligible for auto-proxying)
2016-09-24 16:55:06.928 [8827] [main] INFO  o.s.o.j.LocalContainerEntityManagerFactoryBean - Building JPA container EntityManagerFactory for persistence unit 'default'
2016-09-24 16:55:06.982 [8881] [main] INFO  o.h.jpa.internal.util.LogHelper - HHH000204: Processing PersistenceUnitInfo [
	name: default
	...]
2016-09-24 16:55:07.170 [9069] [main] INFO  org.hibernate.Version - HHH000412: Hibernate Core {5.0.9.Final}
2016-09-24 16:55:07.174 [9073] [main] INFO  org.hibernate.cfg.Environment - HHH000206: hibernate.properties not found
2016-09-24 16:55:07.178 [9077] [main] INFO  org.hibernate.cfg.Environment - HHH000021: Bytecode provider name : javassist
2016-09-24 16:55:07.289 [9188] [main] INFO  o.h.annotations.common.Version - HCANN000001: Hibernate Commons Annotations {5.0.1.Final}
2016-09-24 16:55:08.009 [9908] [main] INFO  jdbc.connection - 1. Connection opened
2016-09-24 16:55:08.015 [9914] [main] INFO  jdbc.connection - 2. Connection opened
2016-09-24 16:55:08.026 [9925] [main] INFO  jdbc.connection - 3. Connection opened
2016-09-24 16:55:08.031 [9930] [main] INFO  jdbc.connection - 4. Connection opened
2016-09-24 16:55:08.037 [9936] [main] INFO  jdbc.connection - 5. Connection opened
2016-09-24 16:55:08.043 [9942] [main] INFO  jdbc.connection - 6. Connection opened
2016-09-24 16:55:08.048 [9947] [main] INFO  jdbc.connection - 7. Connection opened
2016-09-24 16:55:08.055 [9954] [main] INFO  jdbc.connection - 8. Connection opened
2016-09-24 16:55:08.061 [9960] [main] INFO  jdbc.connection - 9. Connection opened
2016-09-24 16:55:08.066 [9965] [main] INFO  jdbc.connection - 10. Connection opened
2016-09-24 16:55:08.097 [9996] [main] INFO  org.hibernate.dialect.Dialect - HHH000400: Using dialect: org.hibernate.dialect.MySQL5Dialect
2016-09-24 16:55:09.476 [11375] [main] INFO  o.h.tool.hbm2ddl.SchemaUpdate - HHH000228: Running hbm2ddl schema update
2016-09-24 16:55:09.796 [11695] [main] INFO  o.s.o.j.LocalContainerEntityManagerFactoryBean - Initialized JPA EntityManagerFactory for persistence unit 'default'
2016-09-24 16:55:09.957 [11856] [main] INFO  spring.profile.DevProfile - ***********************************
2016-09-24 16:55:09.958 [11857] [main] INFO  spring.profile.DevProfile - dev config init !
2016-09-24 16:55:09.961 [11860] [main] INFO  spring.profile.DevProfile - ***********************************
2016-09-24 16:55:11.656 [13555] [main] INFO  o.h.h.i.QueryTranslatorFactoryInitiator - HHH000397: Using ASTQueryTranslatorFactory
2016-09-24 16:55:12.011 [13910] [main] INFO  o.s.w.s.m.m.a.RequestMappingHandlerAdapter - Looking for @ControllerAdvice: org.springframework.web.context.support.GenericWebApplicationContext@b83a9be: startup date [Sat Sep 24 16:55:01 CST 2016]; root of context hierarchy
2016-09-24 16:55:12.186 [14085] [main] INFO  o.s.w.s.m.m.a.RequestMappingHandlerMapping - Mapped "{[/exp]}" onto public java.lang.String spring.test.TestController.testException() throws java.lang.Exception
2016-09-24 16:55:12.187 [14086] [main] INFO  o.s.w.s.m.m.a.RequestMappingHandlerMapping - Mapped "{[/my/exp]}" onto public java.lang.String spring.test.TestController.testMyException() throws spring.contoller.advice.MyException
2016-09-24 16:55:12.190 [14089] [main] INFO  o.s.w.s.m.m.a.RequestMappingHandlerMapping - Mapped "{[/print]}" onto public java.lang.String spring.test.TestController.printBeans(org.springframework.ui.ModelMap)
2016-09-24 16:55:12.191 [14090] [main] INFO  o.s.w.s.m.m.a.RequestMappingHandlerMapping - Mapped "{[/]}" onto public java.lang.String spring.test.TestController.say()
2016-09-24 16:55:12.199 [14098] [main] INFO  o.s.w.s.m.m.a.RequestMappingHandlerMapping - Mapped "{[/error]}" onto public org.springframework.http.ResponseEntity<java.util.Map<java.lang.String, java.lang.Object>> org.springframework.boot.autoconfigure.web.BasicErrorController.error(javax.servlet.http.HttpServletRequest)
2016-09-24 16:55:12.202 [14101] [main] INFO  o.s.w.s.m.m.a.RequestMappingHandlerMapping - Mapped "{[/error],produces=[text/html]}" onto public org.springframework.web.servlet.ModelAndView org.springframework.boot.autoconfigure.web.BasicErrorController.errorHtml(javax.servlet.http.HttpServletRequest,javax.servlet.http.HttpServletResponse)
2016-09-24 16:55:12.294 [14193] [main] INFO  o.s.w.s.h.SimpleUrlHandlerMapping - Mapped URL path [/webjars/**] onto handler of type [class org.springframework.web.servlet.resource.ResourceHttpRequestHandler]
2016-09-24 16:55:12.295 [14194] [main] INFO  o.s.w.s.h.SimpleUrlHandlerMapping - Mapped URL path [/**] onto handler of type [class org.springframework.web.servlet.resource.ResourceHttpRequestHandler]
2016-09-24 16:55:12.343 [14242] [main] INFO  o.s.w.s.m.m.a.ExceptionHandlerExceptionResolver - Detected @ExceptionHandler methods in myExceptionHandler
2016-09-24 16:55:12.404 [14303] [main] INFO  o.s.w.s.h.SimpleUrlHandlerMapping - Mapped URL path [/**/favicon.ico] onto handler of type [class org.springframework.web.servlet.resource.ResourceHttpRequestHandler]
2016-09-24 16:55:13.485 [15384] [main] INFO  o.s.w.s.v.f.FreeMarkerConfigurer - ClassTemplateLoader for Spring macros added to FreeMarker configuration
2016-09-24 16:55:13.650 [15549] [main] WARN  o.s.b.s.r.RedisStarterDeprecationWarningAutoConfiguration - spring-boot-starter-redis is deprecated as of Spring Boot 1.4, please migrate to spring-boot-starter-data-redis
2016-09-24 16:55:13.806 [15705] [main] INFO  spring.runner.ApplicationRunnerImpl - ***********************************
2016-09-24 16:55:13.807 [15706] [main] INFO  spring.runner.ApplicationRunnerImpl - application runner init !
2016-09-24 16:55:13.807 [15706] [main] INFO  spring.runner.ApplicationRunnerImpl - ***********************************
2016-09-24 16:55:13.807 [15706] [main] INFO  spring.runner.CommandLineRunnerImpl - ***********************************
2016-09-24 16:55:13.808 [15707] [main] INFO  spring.runner.CommandLineRunnerImpl - command line runner init !
2016-09-24 16:55:13.808 [15707] [main] INFO  spring.runner.CommandLineRunnerImpl - ***********************************
2016-09-24 16:55:13.890 [15789] [main] INFO  spring.runner.CommandLineRunnerImpl - ["java","C#","C++"]
2016-09-24 16:55:13.892 [15791] [main] INFO  spring.runner.CommandLineRunnerImpl - {"key1":"value1","key2":"value2"}
2016-09-24 16:55:13.896 [15795] [main] INFO  spring.async.AsyncTaskTest - Started AsyncTaskTest in 14.831 seconds (JVM running for 16.419)
2016-09-24 16:55:24.354 [26253] [Thread-5] INFO  o.s.w.c.s.GenericWebApplicationContext - Closing org.springframework.web.context.support.GenericWebApplicationContext@b83a9be: startup date [Sat Sep 24 16:55:01 CST 2016]; root of context hierarchy
2016-09-24 16:55:24.375 [26274] [Thread-5] INFO  o.s.o.j.LocalContainerEntityManagerFactoryBean - Closing JPA EntityManagerFactory for persistence unit 'default'
2016-09-24 16:55:24.382 [26281] [Thread-5] INFO  jdbc.connection - 9. Connection closed
2016-09-24 16:55:24.384 [26283] [Thread-5] INFO  jdbc.connection - 10. Connection closed
2016-09-24 16:55:24.387 [26286] [Thread-5] INFO  jdbc.connection - 8. Connection closed
2016-09-24 16:55:24.396 [26295] [Thread-5] INFO  jdbc.connection - 7. Connection closed
2016-09-24 16:55:24.397 [26296] [Thread-5] INFO  jdbc.connection - 6. Connection closed
2016-09-24 16:55:24.399 [26298] [Thread-5] INFO  jdbc.connection - 5. Connection closed
2016-09-24 16:55:24.400 [26299] [Thread-5] INFO  jdbc.connection - 4. Connection closed
2016-09-24 16:55:24.401 [26300] [Thread-5] INFO  jdbc.connection - 3. Connection closed
2016-09-24 16:55:24.403 [26302] [Thread-5] INFO  jdbc.connection - 2. Connection closed
2016-09-24 16:55:24.404 [26303] [Thread-5] INFO  jdbc.connection - 1. Connection closed
2016-09-24 16:59:01.074 [3139] [main] INFO  spring.async.AsyncTaskTest - Starting AsyncTaskTest on DESKTOP-B8VRV8U with PID 11256 (started by frinder6 in D:\DEV\git\spring.demo\spring.boot2)
2016-09-24 16:59:01.077 [3142] [main] INFO  spring.async.AsyncTaskTest - The following profiles are active: dev
2016-09-24 16:59:01.147 [3212] [main] INFO  o.s.w.c.s.GenericWebApplicationContext - Refreshing org.springframework.web.context.support.GenericWebApplicationContext@5cdec700: startup date [Sat Sep 24 16:59:01 CST 2016]; root of context hierarchy
2016-09-24 16:59:01.166 [3231] [background-preinit] INFO  o.h.validator.internal.util.Version - HV000001: Hibernate Validator 5.2.4.Final
2016-09-24 16:59:04.015 [6080] [main] INFO  o.s.d.r.c.RepositoryConfigurationDelegate - Multiple Spring Data modules found, entering strict repository configuration mode!
2016-09-24 16:59:04.375 [6440] [main] INFO  o.s.d.r.c.RepositoryConfigurationDelegate - Multiple Spring Data modules found, entering strict repository configuration mode!
2016-09-24 16:59:04.468 [6533] [main] INFO  o.s.d.r.c.RepositoryConfigurationExtensionSupport - Spring Data Redis - Could not safely identify store assignment for repository candidate interface spring.jpa.UserRepository.
2016-09-24 16:59:05.673 [7738] [main] INFO  o.s.c.s.PostProcessorRegistrationDelegate$BeanPostProcessorChecker - Bean 'org.springframework.transaction.annotation.ProxyTransactionManagementConfiguration' of type [class org.springframework.transaction.annotation.ProxyTransactionManagementConfiguration$$EnhancerBySpringCGLIB$$cd33830f] is not eligible for getting processed by all BeanPostProcessors (for example: not eligible for auto-proxying)
2016-09-24 16:59:07.056 [9121] [main] INFO  o.s.o.j.LocalContainerEntityManagerFactoryBean - Building JPA container EntityManagerFactory for persistence unit 'default'
2016-09-24 16:59:07.102 [9167] [main] INFO  o.h.jpa.internal.util.LogHelper - HHH000204: Processing PersistenceUnitInfo [
	name: default
	...]
2016-09-24 16:59:07.381 [9446] [main] INFO  org.hibernate.Version - HHH000412: Hibernate Core {5.0.9.Final}
2016-09-24 16:59:07.385 [9450] [main] INFO  org.hibernate.cfg.Environment - HHH000206: hibernate.properties not found
2016-09-24 16:59:07.411 [9476] [main] INFO  org.hibernate.cfg.Environment - HHH000021: Bytecode provider name : javassist
2016-09-24 16:59:07.524 [9589] [main] INFO  o.h.annotations.common.Version - HCANN000001: Hibernate Commons Annotations {5.0.1.Final}
2016-09-24 16:59:08.427 [10492] [main] INFO  jdbc.connection - 1. Connection opened
2016-09-24 16:59:08.435 [10500] [main] INFO  jdbc.connection - 2. Connection opened
2016-09-24 16:59:08.442 [10507] [main] INFO  jdbc.connection - 3. Connection opened
2016-09-24 16:59:08.450 [10515] [main] INFO  jdbc.connection - 4. Connection opened
2016-09-24 16:59:08.458 [10523] [main] INFO  jdbc.connection - 5. Connection opened
2016-09-24 16:59:08.466 [10531] [main] INFO  jdbc.connection - 6. Connection opened
2016-09-24 16:59:08.473 [10538] [main] INFO  jdbc.connection - 7. Connection opened
2016-09-24 16:59:08.481 [10546] [main] INFO  jdbc.connection - 8. Connection opened
2016-09-24 16:59:08.488 [10553] [main] INFO  jdbc.connection - 9. Connection opened
2016-09-24 16:59:08.495 [10560] [main] INFO  jdbc.connection - 10. Connection opened
2016-09-24 16:59:08.562 [10627] [main] INFO  org.hibernate.dialect.Dialect - HHH000400: Using dialect: org.hibernate.dialect.MySQL5Dialect
2016-09-24 16:59:10.056 [12121] [main] INFO  o.h.tool.hbm2ddl.SchemaUpdate - HHH000228: Running hbm2ddl schema update
2016-09-24 16:59:10.442 [12507] [main] INFO  o.s.o.j.LocalContainerEntityManagerFactoryBean - Initialized JPA EntityManagerFactory for persistence unit 'default'
2016-09-24 16:59:10.598 [12663] [main] INFO  spring.profile.DevProfile - ***********************************
2016-09-24 16:59:10.598 [12663] [main] INFO  spring.profile.DevProfile - dev config init !
2016-09-24 16:59:10.599 [12664] [main] INFO  spring.profile.DevProfile - ***********************************
2016-09-24 16:59:12.579 [14644] [main] INFO  o.h.h.i.QueryTranslatorFactoryInitiator - HHH000397: Using ASTQueryTranslatorFactory
2016-09-24 16:59:13.096 [15161] [main] INFO  o.s.w.s.m.m.a.RequestMappingHandlerAdapter - Looking for @ControllerAdvice: org.springframework.web.context.support.GenericWebApplicationContext@5cdec700: startup date [Sat Sep 24 16:59:01 CST 2016]; root of context hierarchy
2016-09-24 16:59:13.275 [15340] [main] INFO  o.s.w.s.m.m.a.RequestMappingHandlerMapping - Mapped "{[/exp]}" onto public java.lang.String spring.test.TestController.testException() throws java.lang.Exception
2016-09-24 16:59:13.281 [15346] [main] INFO  o.s.w.s.m.m.a.RequestMappingHandlerMapping - Mapped "{[/my/exp]}" onto public java.lang.String spring.test.TestController.testMyException() throws spring.contoller.advice.MyException
2016-09-24 16:59:13.282 [15347] [main] INFO  o.s.w.s.m.m.a.RequestMappingHandlerMapping - Mapped "{[/]}" onto public java.lang.String spring.test.TestController.say()
2016-09-24 16:59:13.282 [15347] [main] INFO  o.s.w.s.m.m.a.RequestMappingHandlerMapping - Mapped "{[/print]}" onto public java.lang.String spring.test.TestController.printBeans(org.springframework.ui.ModelMap)
2016-09-24 16:59:13.285 [15350] [main] INFO  o.s.w.s.m.m.a.RequestMappingHandlerMapping - Mapped "{[/error]}" onto public org.springframework.http.ResponseEntity<java.util.Map<java.lang.String, java.lang.Object>> org.springframework.boot.autoconfigure.web.BasicErrorController.error(javax.servlet.http.HttpServletRequest)
2016-09-24 16:59:13.286 [15351] [main] INFO  o.s.w.s.m.m.a.RequestMappingHandlerMapping - Mapped "{[/error],produces=[text/html]}" onto public org.springframework.web.servlet.ModelAndView org.springframework.boot.autoconfigure.web.BasicErrorController.errorHtml(javax.servlet.http.HttpServletRequest,javax.servlet.http.HttpServletResponse)
2016-09-24 16:59:13.421 [15486] [main] INFO  o.s.w.s.h.SimpleUrlHandlerMapping - Mapped URL path [/webjars/**] onto handler of type [class org.springframework.web.servlet.resource.ResourceHttpRequestHandler]
2016-09-24 16:59:13.421 [15486] [main] INFO  o.s.w.s.h.SimpleUrlHandlerMapping - Mapped URL path [/**] onto handler of type [class org.springframework.web.servlet.resource.ResourceHttpRequestHandler]
2016-09-24 16:59:13.470 [15535] [main] INFO  o.s.w.s.m.m.a.ExceptionHandlerExceptionResolver - Detected @ExceptionHandler methods in myExceptionHandler
2016-09-24 16:59:13.545 [15610] [main] INFO  o.s.w.s.h.SimpleUrlHandlerMapping - Mapped URL path [/**/favicon.ico] onto handler of type [class org.springframework.web.servlet.resource.ResourceHttpRequestHandler]
2016-09-24 16:59:14.604 [16669] [main] INFO  o.s.w.s.v.f.FreeMarkerConfigurer - ClassTemplateLoader for Spring macros added to FreeMarker configuration
2016-09-24 16:59:14.788 [16853] [main] WARN  o.s.b.s.r.RedisStarterDeprecationWarningAutoConfiguration - spring-boot-starter-redis is deprecated as of Spring Boot 1.4, please migrate to spring-boot-starter-data-redis
2016-09-24 16:59:14.970 [17035] [main] INFO  spring.runner.ApplicationRunnerImpl - ***********************************
2016-09-24 16:59:14.971 [17036] [main] INFO  spring.runner.ApplicationRunnerImpl - application runner init !
2016-09-24 16:59:14.971 [17036] [main] INFO  spring.runner.ApplicationRunnerImpl - ***********************************
2016-09-24 16:59:14.971 [17036] [main] INFO  spring.runner.CommandLineRunnerImpl - ***********************************
2016-09-24 16:59:14.975 [17040] [main] INFO  spring.runner.CommandLineRunnerImpl - command line runner init !
2016-09-24 16:59:14.975 [17040] [main] INFO  spring.runner.CommandLineRunnerImpl - ***********************************
2016-09-24 16:59:15.169 [17234] [main] INFO  spring.runner.CommandLineRunnerImpl - ["java","C#","C++"]
2016-09-24 16:59:15.182 [17247] [main] INFO  spring.runner.CommandLineRunnerImpl - {"key1":"value1","key2":"value2"}
2016-09-24 16:59:15.207 [17272] [main] INFO  spring.async.AsyncTaskTest - Started AsyncTaskTest in 16.25 seconds (JVM running for 18.055)
2016-09-24 16:59:15.370 [17435] [main] INFO  o.s.s.a.AnnotationAsyncExecutionInterceptor - No TaskExecutor bean found for async processing
2016-09-24 16:59:21.384 [23449] [Thread-5] INFO  o.s.w.c.s.GenericWebApplicationContext - Closing org.springframework.web.context.support.GenericWebApplicationContext@5cdec700: startup date [Sat Sep 24 16:59:01 CST 2016]; root of context hierarchy
2016-09-24 16:59:21.396 [23461] [Thread-5] INFO  o.s.o.j.LocalContainerEntityManagerFactoryBean - Closing JPA EntityManagerFactory for persistence unit 'default'
2016-09-24 16:59:21.411 [23476] [Thread-5] INFO  jdbc.connection - 9. Connection closed
2016-09-24 16:59:21.412 [23477] [Thread-5] INFO  jdbc.connection - 10. Connection closed
2016-09-24 16:59:21.413 [23478] [Thread-5] INFO  jdbc.connection - 8. Connection closed
2016-09-24 16:59:21.415 [23480] [Thread-5] INFO  jdbc.connection - 7. Connection closed
2016-09-24 16:59:21.416 [23481] [Thread-5] INFO  jdbc.connection - 6. Connection closed
2016-09-24 16:59:21.418 [23483] [Thread-5] INFO  jdbc.connection - 5. Connection closed
2016-09-24 16:59:21.421 [23486] [Thread-5] INFO  jdbc.connection - 4. Connection closed
2016-09-24 16:59:21.422 [23487] [Thread-5] INFO  jdbc.connection - 3. Connection closed
2016-09-24 16:59:21.428 [23493] [Thread-5] INFO  jdbc.connection - 2. Connection closed
2016-09-24 16:59:21.429 [23494] [Thread-5] INFO  jdbc.connection - 1. Connection closed
